Attempted login was unsuccessful by user tree at 2019-01-01 14:25:26.927.
Attempted login was successful by user test at 2019-01-01 14:25:36.257.
Attempted login was unsuccessful by user test at 2019-01-02 20:35:29.818.
Attempted login was successful by user test at 2019-01-02 20:35:31.997.
Attempted login was successful by user test at 2019-01-03 19:53:49.083.
Attempted login was successful by user test at 2019-01-03 20:28:02.148.
Attempted login was successful by user test at 2019-01-03 20:34:18.445.
Attempted login was successful by user test at 2019-01-04 19:28:33.935.
Attempted login was successful by user test at 2019-01-04 19:51:25.017.
Attempted login was successful by user test at 2019-01-04 20:02:08.559.
Attempted login was successful by user test at 2019-01-04 20:10:57.066.
Attempted login was successful by user test at 2019-01-04 20:11:54.642.
Attempted login was successful by user test at 2019-01-04 20:24:59.087.
Attempted login was successful by user test at 2019-01-04 20:25:41.485.
Attempted login was successful by user test at 2019-01-04 20:26:19.573.
Attempted login was successful by user test at 2019-01-04 20:38:27.434.
Attempted login was successful by user test at 2019-01-04 20:47:43.181.
Attempted login was successful by user test at 2019-01-04 20:49:16.265.
Attempted login was successful by user test at 2019-01-04 20:53:14.949.
Attempted login was successful by user test at 2019-01-04 20:58:08.183.
Attempted login was successful by user test at 2019-01-04 20:59:19.746.
Attempted login was successful by user test at 2019-01-04 21:00:03.802.
Attempted login was successful by user test at 2019-01-04 21:04:25.754.
Attempted login was successful by user test at 2019-01-05 12:58:33.665.
Attempted login was unsuccessful by user test at 2019-01-06 12:24:16.08.
Attempted login was unsuccessful by user test at 2019-01-06 12:24:21.382.
Attempted login was successful by user test at 2019-01-06 12:27:04.743.
Attempted login was successful by user test at 2019-01-06 12:30:21.7.
Attempted login was unsuccessful by user test at 2019-01-06 12:40:36.484.
Attempted login was successful by user test at 2019-01-06 12:43:33.526.
Attempted login was successful by user test at 2019-01-06 12:45:54.843.
Attempted login was successful by user test at 2019-01-06 12:46:40.53.
Attempted login was successful by user test at 2019-01-06 12:47:24.532.
Attempted login was unsuccessful by user tes at 2019-01-06 12:49:25.809.
Attempted login was successful by user test at 2019-01-06 12:49:28.42.
Attempted login was successful by user test at 2019-01-06 12:50:13.968.
Attempted login was successful by user test at 2019-01-06 12:51:23.387.
Attempted login was successful by user test at 2019-01-06 12:55:18.157.
Attempted login was successful by user test at 2019-01-06 12:56:41.037.
Attempted login was successful by user test at 2019-01-06 12:58:07.818.
Attempted login was successful by user test at 2019-01-06 13:00:58.443.
Attempted login was successful by user test at 2019-01-07 18:40:58.687.
Attempted login was successful by user test at 2019-01-07 18:43:48.41.
Attempted login was successful by user test at 2019-01-07 18:45:20.515.
Attempted login was successful by user test at 2019-01-07 18:51:32.8.
Attempted login was successful by user test at 2019-01-07 18:52:41.924.
Attempted login was successful by user test at 2019-01-07 18:56:17.965.
Attempted login was unsuccessful by user testt at 2019-01-07 18:57:21.717.
Attempted login was successful by user test at 2019-01-07 18:57:23.008.
Attempted login was successful by user test at 2019-01-07 18:58:24.397.
Attempted login was successful by user test at 2019-01-07 19:01:04.627.
Attempted login was successful by user test at 2019-01-07 19:08:26.717.
Attempted login was successful by user test at 2019-01-07 19:48:13.088.
Attempted login was successful by user test at 2019-01-07 20:15:36.783.
Attempted login was successful by user test at 2019-01-07 20:16:33.428.
Attempted login was successful by user test at 2019-01-07 20:22:57.843.
Attempted login was successful by user test at 2019-01-07 20:24:08.515.
Attempted login was successful by user test at 2019-01-07 20:26:00.146.
Attempted login was successful by user test at 2019-01-07 20:45:46.738.
Attempted login was successful by user test at 2019-01-09 07:38:11.793.
Attempted login was successful by user test at 2019-01-09 21:01:38.391.
Attempted login was successful by user test at 2019-01-09 21:04:32.972.
Attempted login was successful by user test at 2019-01-09 21:05:31.247.
Attempted login was successful by user test at 2019-01-09 21:12:06.387.
Attempted login was successful by user test at 2019-01-09 21:13:43.753.
Attempted login was successful by user test at 2019-01-09 21:15:07.52.
Attempted login was successful by user test at 2019-01-10 18:02:17.412.
Attempted login was successful by user test at 2019-01-10 18:05:17.576.
Attempted login was successful by user test at 2019-01-10 18:22:32.895.
Attempted login was successful by user test at 2019-01-10 18:27:58.949.
Attempted login was successful by user test at 2019-01-10 18:28:33.579.
Attempted login was successful by user test at 2019-01-10 18:29:43.891.
Attempted login was successful by user test at 2019-01-10 18:30:20.545.
Attempted login was successful by user test at 2019-01-10 18:31:20.362.
Attempted login was successful by user test at 2019-01-10 18:33:25.593.
Attempted login was successful by user test at 2019-01-10 18:35:41.134.
Attempted login was successful by user test at 2019-01-10 18:36:19.444.
Attempted login was successful by user test at 2019-01-10 18:36:43.334.
Attempted login was successful by user test at 2019-01-10 18:37:31.628.
Attempted login was successful by user test at 2019-01-10 18:55:55.754.
Attempted login was successful by user test at 2019-01-13 12:02:10.162.
Attempted login was successful by user test at 2019-01-13 12:04:24.597.
Attempted login was successful by user test at 2019-01-13 12:05:15.203.
Attempted login was successful by user test at 2019-01-13 12:25:36.357.
Attempted login was successful by user test at 2019-01-13 12:27:30.692.
Attempted login was successful by user test at 2019-01-13 12:28:46.287.
Attempted login was successful by user test at 2019-01-13 12:36:52.642.
Attempted login was successful by user test at 2019-01-13 12:38:46.882.
Attempted login was successful by user test at 2019-01-13 12:41:29.737.
Attempted login was successful by user test at 2019-01-13 12:43:09.215.
Attempted login was successful by user test at 2019-01-13 12:45:25.69.
Attempted login was unsuccessful by user test at 2019-01-17 18:13:34.252.
Attempted login was unsuccessful by user test at 2019-01-17 18:13:37.242.
Attempted login was unsuccessful by user test at 2019-01-17 18:14:55.11.
Attempted login was successful by user test at 2019-01-17 18:17:34.139.
Attempted login was unsuccessful by user test at 2019-01-17 18:37:57.131.
Attempted login was unsuccessful by user test at 2019-01-17 18:38:34.968.
Attempted login was unsuccessful by user test at 2019-01-17 18:39:59.553.
Attempted login was successful by user test at 2019-01-17 18:46:43.949.
Attempted login was successful by user test at 2019-01-20 11:54:51.61.
Attempted login was successful by user test at 2019-01-21 13:56:15.705.
Attempted login was successful by user test at 2019-01-21 14:02:49.26.
Attempted login was successful by user test at 2019-01-21 14:37:31.279.
Attempted login was successful by user test at 2019-01-21 15:14:41.567.
Attempted login was successful by user test at 2019-01-21 15:16:08.713.
Attempted login was successful by user test at 2019-01-21 15:19:56.234.
Attempted login was unsuccessful by user test at 2019-01-27 12:20:17.616.
Attempted login was successful by user test at 2019-01-27 12:20:19.706.
Attempted login was successful by user test at 2019-01-27 12:26:34.636.
Attempted login was successful by user test at 2019-01-27 12:27:46.774.
Attempted login was successful by user test at 2019-01-27 12:30:46.764.
Attempted login was unsuccessful by user test at 2019-01-27 12:56:24.068.
Attempted login was unsuccessful by user  at 2019-01-27 13:05:30.101.
Attempted login was unsuccessful by user test at 2019-01-27 13:16:02.829.
Attempted login was unsuccessful by user  at 2019-01-27 13:17:47.723.
Attempted login was unsuccessful by user  at 2019-01-27 13:31:36.044.
Attempted login was successful by user test at 2019-01-28 17:44:38.391.
Attempted login was successful by user test at 2019-01-28 17:47:49.657.
Attempted login was unsuccessful by user  at 2019-01-31 20:36:01.219.
Attempted login was unsuccessful by user  at 2019-01-31 20:38:45.127.
Attempted login was unsuccessful by user test at 2019-01-31 20:38:50.628.
Attempted login was unsuccessful by user test at 2019-01-31 20:39:40.576.
Attempted login was unsuccessful by user t at 2019-01-31 20:47:04.42.
Attempted login was successful by user test at 2019-02-02 13:18:21.451.
Attempted login was successful by user test at 2019-02-02 19:24:33.622.
Attempted login was successful by user test at 2019-02-03 09:10:04.218.
Attempted login was successful by user test at 2019-02-03 09:11:09.832.
Attempted login was successful by user test at 2019-02-03 09:13:20.298.
Attempted login was successful by user test at 2019-02-03 09:15:30.61.
Attempted login was successful by user test at 2019-02-03 09:18:43.074.
Attempted login was successful by user test at 2019-02-19 18:56:38.95.
Attempted login was successful by user test at 2019-02-19 19:01:05.426.
Attempted login was successful by user test at 2019-02-19 19:06:17.147.
Attempted login was successful by user test at 2019-02-19 19:07:57.681.
Attempted login was successful by user test at 2019-02-19 19:10:33.637.
Attempted login was successful by user test at 2019-03-08 13:21:05.347.
Attempted login was successful by user test at 2019-03-08 13:29:26.063.
Attempted login was successful by user test at 2019-03-08 13:30:32.969.
Attempted login was successful by user test at 2019-03-08 13:44:50.076.
Attempted login was successful by user test at 2019-03-08 13:45:46.65.
Attempted login was successful by user test at 2019-03-08 13:47:34.748.
Attempted login was successful by user test at 2019-03-08 13:48:46.004.
Attempted login was successful by user test at 2019-03-08 14:37:42.73.
Attempted login was successful by user test at 2019-03-08 15:13:08.274.
Attempted login was successful by user test at 2019-03-08 15:15:12.737.
Attempted login was successful by user test at 2019-03-09 13:29:16.473.
Attempted login was successful by user test at 2019-03-09 13:31:01.321.
Attempted login was successful by user test at 2019-03-09 15:32:22.709.
Attempted login was successful by user test at 2019-03-09 15:35:38.374.
Attempted login was successful by user test at 2019-03-09 16:22:46.896.
Attempted login was successful by user test at 2019-03-09 16:23:24.222.
Attempted login was successful by user test at 2019-03-09 16:25:33.363.
Attempted login was successful by user test at 2019-03-09 16:27:37.201.
Attempted login was successful by user test at 2019-03-09 16:31:15.148.
Attempted login was successful by user test at 2019-03-09 16:35:18.842.
Attempted login was successful by user test at 2019-03-09 16:36:12.574.
Attempted login was successful by user test at 2019-03-09 16:37:45.178.
Attempted login was successful by user test at 2019-03-09 16:48:27.881.
Attempted login was successful by user test at 2019-03-09 16:50:15.668.
Attempted login was successful by user test at 2019-03-09 16:50:57.727.
Attempted login was successful by user test at 2019-03-09 17:07:38.965.
Attempted login was successful by user test at 2019-03-09 17:10:15.368.
Attempted login was successful by user test at 2019-03-09 17:14:23.948.
Attempted login was successful by user test at 2019-03-09 17:18:53.761.
Attempted login was successful by user test at 2019-03-09 17:19:51.817.
Attempted login was successful by user test at 2019-03-09 17:21:08.128.
Attempted login was successful by user test at 2019-03-09 17:23:48.303.
Attempted login was successful by user test at 2019-03-09 19:38:57.034.
Attempted login was successful by user test at 2019-03-09 20:32:09.794.
